{"numFailedTestSuites":1,"numFailedTests":1,"numPassedTestSuites":0,"numPassedTests":2,"numPendingTestSuites":0,"numPendingTests":0,"numRuntimeErrorTestSuites":0,"numTodoTests":0,"numTotalTestSuites":1,"numTotalTests":3,"openHandles":[],"snapshot":{"added":0,"didUpdate":false,"failure":false,"filesAdded":0,"filesRemoved":0,"filesRemovedList":[],"filesUnmatched":0,"filesUpdated":0,"matched":0,"total":0,"unchecked":0,"uncheckedKeysByFile":[],"unmatched":0,"updated":0},"startTime":1701087973041,"success":false,"testResults":[{"leaks":false,"numFailingTests":1,"numPassingTests":2,"numPendingTests":0,"numTodoTests":0,"openHandles":[],"perfStats":{"end":1701087973314,"runtime":241,"slow":false,"start":1701087973073},"skipped":false,"snapshot":{"added":0,"fileDeleted":false,"matched":0,"unchecked":0,"uncheckedKeys":[],"unmatched":0,"updated":0},"testFilePath":"/home/shweta/workspace/Sample-Project/Learn-Project/add.test.js","testResults":[{"ancestorTitles":[],"duration":3,"failureDetails":[],"failureMessages":[],"fullName":"adds 1 + 2 to equal 3","invocations":1,"location":null,"numPassingAsserts":1,"retryReasons":[],"status":"passed","title":"adds 1 + 2 to equal 3"},{"ancestorTitles":[],"duration":3,"failureDetails":[{"matcherResult":{"actual":2,"expected":1,"message":"\u001b[2mexpect(\u001b[22m\u001b[31mreceived\u001b[39m\u001b[2m).\u001b[22mtoBe\u001b[2m(\u001b[22m\u001b[32mexpected\u001b[39m\u001b[2m) // Object.is equality\u001b[22m\n\nExpected: \u001b[32m1\u001b[39m\nReceived: \u001b[31m2\u001b[39m","name":"toBe","pass":false}}],"failureMessages":["Error: \u001b[2mexpect(\u001b[22m\u001b[31mreceived\u001b[39m\u001b[2m).\u001b[22mtoBe\u001b[2m(\u001b[22m\u001b[32mexpected\u001b[39m\u001b[2m) // Object.is equality\u001b[22m\n\nExpected: \u001b[32m1\u001b[39m\nReceived: \u001b[31m2\u001b[39m\n    at Object.toBe (/home/shweta/workspace/Sample-Project/Learn-Project/add.test.js:9:21)\n    at Promise.then.completed (/home/shweta/workspace/Sample-Project/Learn-Project/node_modules/jest-circus/build/utils.js:298:28)\n    at new Promise (<anonymous>)\n    at callAsyncCircusFn (/home/shweta/workspace/Sample-Project/Learn-Project/node_modules/jest-circus/build/utils.js:231:10)\n    at _callCircusTest (/home/shweta/workspace/Sample-Project/Learn-Project/node_modules/jest-circus/build/run.js:316:40)\n    at processTicksAndRejections (internal/process/task_queues.js:95:5)\n    at _runTest (/home/shweta/workspace/Sample-Project/Learn-Project/node_modules/jest-circus/build/run.js:252:3)\n    at _runTestsForDescribeBlock (/home/shweta/workspace/Sample-Project/Learn-Project/node_modules/jest-circus/build/run.js:126:9)\n    at run (/home/shweta/workspace/Sample-Project/Learn-Project/node_modules/jest-circus/build/run.js:71:3)\n    at runAndTransformResultsToJestFormat (/home/shweta/workspace/Sample-Project/Learn-Project/node_modules/jest-circus/build/legacy-code-todo-rewrite/jestAdapterInit.js:122:21)\n    at jestAdapter (/home/shweta/workspace/Sample-Project/Learn-Project/node_modules/jest-circus/build/legacy-code-todo-rewrite/jestAdapter.js:79:19)\n    at runTestInternal (/home/shweta/workspace/Sample-Project/Learn-Project/node_modules/jest-runner/build/runTest.js:367:16)\n    at runTest (/home/shweta/workspace/Sample-Project/Learn-Project/node_modules/jest-runner/build/runTest.js:444:34)"],"fullName":"fail scenario","invocations":1,"location":null,"numPassingAsserts":0,"retryReasons":[],"status":"failed","title":"fail scenario"},{"ancestorTitles":[],"duration":0,"failureDetails":[],"failureMessages":[],"fullName":"Pass scenario","invocations":1,"location":null,"numPassingAsserts":1,"retryReasons":[],"status":"passed","title":"Pass scenario"}],"failureMessage":"\u001b[1m\u001b[31m  \u001b[1m● \u001b[22m\u001b[1mfail scenario\u001b[39m\u001b[22m\n\n    \u001b[2mexpect(\u001b[22m\u001b[31mreceived\u001b[39m\u001b[2m).\u001b[22mtoBe\u001b[2m(\u001b[22m\u001b[32mexpected\u001b[39m\u001b[2m) // Object.is equality\u001b[22m\n\n    Expected: \u001b[32m1\u001b[39m\n    Received: \u001b[31m2\u001b[39m\n\u001b[2m\u001b[22m\n\u001b[2m    \u001b[0m \u001b[90m  7 |\u001b[39m })\u001b[33m;\u001b[39m\u001b[0m\u001b[22m\n\u001b[2m    \u001b[0m \u001b[90m  8 |\u001b[39m test(\u001b[32m'fail scenario'\u001b[39m\u001b[33m,\u001b[39m () \u001b[33m=>\u001b[39m {\u001b[0m\u001b[22m\n\u001b[2m    \u001b[0m\u001b[31m\u001b[1m>\u001b[22m\u001b[2m\u001b[39m\u001b[90m  9 |\u001b[39m   expect(add(\u001b[35m1\u001b[39m\u001b[33m,\u001b[39m \u001b[35m1\u001b[39m))\u001b[33m.\u001b[39mtoBe(\u001b[35m1\u001b[39m)\u001b[33m;\u001b[39m\u001b[0m\u001b[22m\n\u001b[2m    \u001b[0m \u001b[90m    |\u001b[39m                     \u001b[31m\u001b[1m^\u001b[22m\u001b[2m\u001b[39m\u001b[0m\u001b[22m\n\u001b[2m    \u001b[0m \u001b[90m 10 |\u001b[39m })\u001b[33m;\u001b[39m\u001b[0m\u001b[22m\n\u001b[2m    \u001b[0m \u001b[90m 11 |\u001b[39m test(\u001b[32m'Pass scenario'\u001b[39m\u001b[33m,\u001b[39m () \u001b[33m=>\u001b[39m {\u001b[0m\u001b[22m\n\u001b[2m    \u001b[0m \u001b[90m 12 |\u001b[39m   expect(add(\u001b[35m1\u001b[39m\u001b[33m,\u001b[39m \u001b[35m1\u001b[39m))\u001b[33m.\u001b[39mtoBe(\u001b[35m2\u001b[39m)\u001b[33m;\u001b[39m\u001b[0m\u001b[22m\n\u001b[2m\u001b[22m\n\u001b[2m      \u001b[2mat Object.toBe (\u001b[22m\u001b[2m\u001b[0m\u001b[36madd.test.js\u001b[39m\u001b[0m\u001b[2m:9:21)\u001b[22m\u001b[2m\u001b[22m\n"}],"wasInterrupted":false}