{"numFailedTestSuites":1,"numFailedTests":1,"numPassedTestSuites":0,"numPassedTests":1,"numPendingTestSuites":0,"numPendingTests":0,"numRuntimeErrorTestSuites":0,"numTodoTests":0,"numTotalTestSuites":1,"numTotalTests":2,"openHandles":[],"snapshot":{"added":0,"didUpdate":false,"failure":false,"filesAdded":0,"filesRemoved":0,"filesRemovedList":[],"filesUnmatched":0,"filesUpdated":0,"matched":0,"total":0,"unchecked":0,"uncheckedKeysByFile":[],"unmatched":0,"updated":0},"startTime":1701086997539,"success":false,"testResults":[{"leaks":false,"numFailingTests":1,"numPassingTests":1,"numPendingTests":0,"numTodoTests":0,"openHandles":[],"perfStats":{"end":1701086997812,"runtime":242,"slow":false,"start":1701086997570},"skipped":false,"snapshot":{"added":0,"fileDeleted":false,"matched":0,"unchecked":0,"uncheckedKeys":[],"unmatched":0,"updated":0},"testFilePath":"/home/shweta/workspace/Sample-Project/Learn-Project/add.test.js","testResults":[{"ancestorTitles":[],"duration":4,"failureDetails":[],"failureMessages":[],"fullName":"adds 1 + 2 to equal 3","invocations":1,"location":null,"numPassingAsserts":1,"retryReasons":[],"status":"passed","title":"adds 1 + 2 to equal 3"},{"ancestorTitles":[],"duration":2,"failureDetails":[{"matcherResult":{"actual":2,"expected":1,"message":"expect(received).toBe(expected) // Object.is equality\n\nExpected: 1\nReceived: 2","name":"toBe","pass":false}}],"failureMessages":["Error: expect(received).toBe(expected) // Object.is equality\n\nExpected: 1\nReceived: 2\n    at Object.toBe (/home/shweta/workspace/Sample-Project/Learn-Project/add.test.js:9:21)\n    at Promise.then.completed (/home/shweta/workspace/Sample-Project/Learn-Project/node_modules/jest-circus/build/utils.js:298:28)\n    at new Promise (<anonymous>)\n    at callAsyncCircusFn (/home/shweta/workspace/Sample-Project/Learn-Project/node_modules/jest-circus/build/utils.js:231:10)\n    at _callCircusTest (/home/shweta/workspace/Sample-Project/Learn-Project/node_modules/jest-circus/build/run.js:316:40)\n    at processTicksAndRejections (internal/process/task_queues.js:95:5)\n    at _runTest (/home/shweta/workspace/Sample-Project/Learn-Project/node_modules/jest-circus/build/run.js:252:3)\n    at _runTestsForDescribeBlock (/home/shweta/workspace/Sample-Project/Learn-Project/node_modules/jest-circus/build/run.js:126:9)\n    at run (/home/shweta/workspace/Sample-Project/Learn-Project/node_modules/jest-circus/build/run.js:71:3)\n    at runAndTransformResultsToJestFormat (/home/shweta/workspace/Sample-Project/Learn-Project/node_modules/jest-circus/build/legacy-code-todo-rewrite/jestAdapterInit.js:122:21)\n    at jestAdapter (/home/shweta/workspace/Sample-Project/Learn-Project/node_modules/jest-circus/build/legacy-code-todo-rewrite/jestAdapter.js:79:19)\n    at runTestInternal (/home/shweta/workspace/Sample-Project/Learn-Project/node_modules/jest-runner/build/runTest.js:367:16)\n    at runTest (/home/shweta/workspace/Sample-Project/Learn-Project/node_modules/jest-runner/build/runTest.js:444:34)"],"fullName":"fail scenario","invocations":1,"location":null,"numPassingAsserts":0,"retryReasons":[],"status":"failed","title":"fail scenario"}],"failureMessage":"  ● fail scenario\n\n    expect(received).toBe(expected) // Object.is equality\n\n    Expected: 1\n    Received: 2\n\n       7 | });\n       8 | test('fail scenario', () => {\n    >  9 |   expect(add(1, 1)).toBe(1);\n         |                     ^\n      10 | });\n      11 |\n\n      at Object.toBe (add.test.js:9:21)\n"}],"wasInterrupted":false}